----------  DBF File Info  ---------
0  : Version         : 3
1-3: Date            : 1887
4-7: Num of Recs     : 312
8-9: Bytes in header : 161
10-11: Bytes in Record : 55
12-14: Reserved Bytes  : 0
15-27: Reserved LAN    : 0
28-31: Reserved 3 bytes: 0
---------------------------------------
Number of fields :4
----------  Field Header Info ---------
---------------------------------------
0-10: Zero Filled     : prod_taz
11: Field Type        : N
12-15: Reserved       : 0
16: Field Length      : 8
17: Field decimal     : 0
18-19: Reserved       : 0
20: Work Area ID      : 0
20-30: Reserved       : 0
31: MDX Flag          : 0
---------------------------------------
---------------------------------------
0-10: Zero Filled     : attr_taz
11: Field Type        : N
12-15: Reserved       : 0
16: Field Length      : 8
17: Field decimal     : 0
18-19: Reserved       : 0
20: Work Area ID      : 0
20-30: Reserved       : 0
31: MDX Flag          : 0
---------------------------------------
---------------------------------------
0-10: Zero Filled     : purp_acces
11: Field Type        : N
12-15: Reserved       : 0
16: Field Length      : 19
17: Field decimal     : 14
18-19: Reserved       : 0
20: Work Area ID      : 0
20-30: Reserved       : 0
31: MDX Flag          : 0
---------------------------------------
---------------------------------------
0-10: Zero Filled     : trips
11: Field Type        : N
12-15: Reserved       : 0
16: Field Length      : 19
17: Field decimal     : 14
18-19: Reserved       : 0
20: Work Area ID      : 0
20-30: Reserved       : 0
31: MDX Flag          : 0
---------------------------------------
 prefix data : 
Current Position before record data: 161
Record Status:  
